mode: set
github.com/PawelK2012/go-crud/repository/postgress/postgress.go:29.52,32.16 3 0
github.com/PawelK2012/go-crud/repository/postgress/postgress.go:32.16,35.3 2 0
github.com/PawelK2012/go-crud/repository/postgress/postgress.go:37.2,37.34 1 0
github.com/PawelK2012/go-crud/repository/postgress/postgress.go:37.34,39.3 1 0
github.com/PawelK2012/go-crud/repository/postgress/postgress.go:41.2,43.8 1 0
github.com/PawelK2012/go-crud/repository/postgress/postgress.go:46.53,57.2 3 1
github.com/PawelK2012/go-crud/repository/postgress/postgress.go:59.79,66.16 4 1
github.com/PawelK2012/go-crud/repository/postgress/postgress.go:66.16,69.3 2 1
github.com/PawelK2012/go-crud/repository/postgress/postgress.go:70.2,70.16 1 1
github.com/PawelK2012/go-crud/repository/postgress/postgress.go:73.96,77.16 3 1
github.com/PawelK2012/go-crud/repository/postgress/postgress.go:77.16,80.3 2 0
github.com/PawelK2012/go-crud/repository/postgress/postgress.go:82.2,83.16 2 1
github.com/PawelK2012/go-crud/repository/postgress/postgress.go:83.16,85.3 1 0
github.com/PawelK2012/go-crud/repository/postgress/postgress.go:87.2,87.23 1 1
github.com/PawelK2012/go-crud/repository/postgress/postgress.go:87.23,89.3 1 1
github.com/PawelK2012/go-crud/repository/postgress/postgress.go:91.2,91.15 1 1
github.com/PawelK2012/go-crud/repository/postgress/postgress.go:94.72,97.16 3 1
github.com/PawelK2012/go-crud/repository/postgress/postgress.go:97.16,100.3 2 1
github.com/PawelK2012/go-crud/repository/postgress/postgress.go:101.2,103.18 3 1
github.com/PawelK2012/go-crud/repository/postgress/postgress.go:103.18,105.113 2 1
github.com/PawelK2012/go-crud/repository/postgress/postgress.go:105.113,107.4 1 0
github.com/PawelK2012/go-crud/repository/postgress/postgress.go:108.3,108.26 1 1
github.com/PawelK2012/go-crud/repository/postgress/postgress.go:110.2,110.17 1 1
github.com/PawelK2012/go-crud/repository/postgress/postgress.go:113.79,118.111 5 1
github.com/PawelK2012/go-crud/repository/postgress/postgress.go:118.111,119.36 1 1
github.com/PawelK2012/go-crud/repository/postgress/postgress.go:119.36,121.4 1 1
github.com/PawelK2012/go-crud/repository/postgress/postgress.go:122.3,122.19 1 0
github.com/PawelK2012/go-crud/repository/postgress/postgress.go:125.2,125.18 1 1
