mode: set
github.com/PawelK2012/go-crud/repository/postgress/postgress.go:29.52,35.16 4 0
github.com/PawelK2012/go-crud/repository/postgress/postgress.go:35.16,39.3 3 0
github.com/PawelK2012/go-crud/repository/postgress/postgress.go:41.2,41.34 1 0
github.com/PawelK2012/go-crud/repository/postgress/postgress.go:41.34,44.3 2 0
github.com/PawelK2012/go-crud/repository/postgress/postgress.go:46.2,48.8 1 0
github.com/PawelK2012/go-crud/repository/postgress/postgress.go:51.53,62.2 3 1
github.com/PawelK2012/go-crud/repository/postgress/postgress.go:64.72,67.16 3 1
github.com/PawelK2012/go-crud/repository/postgress/postgress.go:67.16,70.3 2 1
github.com/PawelK2012/go-crud/repository/postgress/postgress.go:71.2,73.18 3 1
github.com/PawelK2012/go-crud/repository/postgress/postgress.go:73.18,75.113 2 1
github.com/PawelK2012/go-crud/repository/postgress/postgress.go:75.113,77.4 1 0
github.com/PawelK2012/go-crud/repository/postgress/postgress.go:78.3,78.26 1 1
github.com/PawelK2012/go-crud/repository/postgress/postgress.go:80.2,80.17 1 1
github.com/PawelK2012/go-crud/repository/postgress/postgress.go:83.79,88.111 5 1
github.com/PawelK2012/go-crud/repository/postgress/postgress.go:88.111,89.36 1 1
github.com/PawelK2012/go-crud/repository/postgress/postgress.go:89.36,91.4 1 1
github.com/PawelK2012/go-crud/repository/postgress/postgress.go:92.3,92.19 1 0
github.com/PawelK2012/go-crud/repository/postgress/postgress.go:95.2,95.18 1 1
github.com/PawelK2012/go-crud/repository/postgress/postgress.go:98.79,105.16 4 1
github.com/PawelK2012/go-crud/repository/postgress/postgress.go:105.16,107.3 1 1
github.com/PawelK2012/go-crud/repository/postgress/postgress.go:108.2,108.16 1 1
github.com/PawelK2012/go-crud/repository/postgress/postgress.go:111.96,115.16 3 1
github.com/PawelK2012/go-crud/repository/postgress/postgress.go:115.16,117.3 1 0
github.com/PawelK2012/go-crud/repository/postgress/postgress.go:119.2,120.16 2 1
github.com/PawelK2012/go-crud/repository/postgress/postgress.go:120.16,122.3 1 0
github.com/PawelK2012/go-crud/repository/postgress/postgress.go:124.2,124.23 1 1
github.com/PawelK2012/go-crud/repository/postgress/postgress.go:124.23,126.3 1 1
github.com/PawelK2012/go-crud/repository/postgress/postgress.go:128.2,128.15 1 1
github.com/PawelK2012/go-crud/repository/postgress/postgress.go:131.70,135.16 3 1
github.com/PawelK2012/go-crud/repository/postgress/postgress.go:135.16,137.3 1 0
github.com/PawelK2012/go-crud/repository/postgress/postgress.go:139.2,140.16 2 1
github.com/PawelK2012/go-crud/repository/postgress/postgress.go:140.16,142.3 1 0
github.com/PawelK2012/go-crud/repository/postgress/postgress.go:144.2,144.23 1 1
github.com/PawelK2012/go-crud/repository/postgress/postgress.go:144.23,146.3 1 1
github.com/PawelK2012/go-crud/repository/postgress/postgress.go:148.2,148.16 1 1
